<?xml version="1.0" encoding="UTF-8"?>
<!-- Generated by org.testng.reporters.JUnitReportReporter -->
<testsuite hostname="DESKTOP-IGO3PD3" failures="0" tests="2" name="Idhris.RESTAPITest" time="0.016" errors="0" timestamp="2024-12-12T01:05:31 IST" skipped="0">
  <testcase classname="Idhris.RESTAPITest" name="postJira" time="0.000"/>
  <testcase classname="Idhris.RESTAPITest" name="deletetwitter" time="0.016"/>
</testsuite> <!-- Idhris.RESTAPITest -->
