<?xml version="1.0" encoding="UTF-8"?>
<!-- Generated by org.testng.reporters.JUnitReportReporter -->
<testsuite hostname="DESKTOP-IGO3PD3" failures="0" tests="2" name="Idhris.APITest" time="0.006" errors="0" timestamp="2024-12-12T00:28:31 IST" skipped="0">
  <testcase classname="Idhris.APITest" name="deletetwitter" time="0.005"/>
  <testcase classname="Idhris.APITest" name="postJira" time="0.001"/>
</testsuite> <!-- Idhris.APITest -->
