<?xml version="1.0" encoding="UTF-8"?>
<!-- Generated by org.testng.reporters.JUnitReportReporter -->
<testsuite hostname="DESKTOP-IGO3PD3" failures="0" tests="2" name="Idhris.SeleniumTest" time="0.009" errors="0" timestamp="2024-12-12T01:05:31 IST" skipped="0">
  <testcase classname="Idhris.SeleniumTest" name="elementsui" time="0.000"/>
  <testcase classname="Idhris.SeleniumTest" name="BrowserAutomation" time="0.009"/>
</testsuite> <!-- Idhris.SeleniumTest -->
