<?xml version="1.0" encoding="UTF-8"?>
<!-- Generated by org.testng.reporters.JUnitReportReporter -->
<testsuite hostname="DESKTOP-IGO3PD3" failures="0" tests="2" name="Idhris.AppiumTest" time="0.000" errors="0" timestamp="2024-12-12T01:05:15 IST" skipped="0">
  <testcase classname="Idhris.AppiumTest" name="iOSApps" time="0.000"/>
  <testcase classname="Idhris.AppiumTest" name="nativeApp" time="0.000"/>
</testsuite> <!-- Idhris.AppiumTest -->
